<?xml version="1.0" encoding="UTF-8" ?>
<testsuite failures="0" time="0.001" errors="0" skipped="1" tests="1" name="com.novoda.httpservice.provider.IntentRegistryTest">
  <properties>
    <property name="java.runtime.name" value="OpenJDK Runtime Environment"/>
    <property name="sun.boot.library.path" value="/usr/lib/jvm/java-6-openjdk/jre/lib/i386"/>
    <property name="java.vm.version" value="19.0-b09"/>
    <property name="java.vm.vendor" value="Sun Microsystems Inc."/>
    <property name="java.vendor.url" value="http://java.sun.com/"/>
    <property name="path.separator" value=":"/>
    <property name="java.vm.name" value="OpenJDK Server VM"/>
    <property name="file.encoding.pkg" value="sun.io"/>
    <property name="user.country" value="GB"/>
    <property name="sun.java.launcher" value="SUN_STANDARD"/>
    <property name="sun.os.patch.level" value="unknown"/>
    <property name="java.vm.specification.name" value="Java Virtual Machine Specification"/>
    <property name="user.dir" value="/home/luigi/dev/prj/com.novoda/HttpService/core"/>
    <property name="java.runtime.version" value="1.6.0_20-b20"/>
    <property name="java.awt.graphicsenv" value="sun.awt.X11GraphicsEnvironment"/>
    <property name="basedir" value="/home/luigi/dev/prj/com.novoda/HttpService/core"/>
    <property name="java.endorsed.dirs" value="/usr/lib/jvm/java-6-openjdk/jre/lib/endorsed"/>
    <property name="os.arch" value="i386"/>
    <property name="surefire.real.class.path" value="/home/luigi/dev/prj/com.novoda/HttpService/core/target/surefire/surefirebooter6652923554304616825.jar"/>
    <property name="java.io.tmpdir" value="/tmp"/>
    <property name="line.separator" value="
"/>
    <property name="java.vm.specification.vendor" value="Sun Microsystems Inc."/>
    <property name="os.name" value="Linux"/>
    <property name="sun.jnu.encoding" value="UTF-8"/>
    <property name="java.library.path" value="/usr/lib/jvm/java-6-openjdk/jre/lib/i386/server:/usr/lib/jvm/java-6-openjdk/jre/lib/i386:/usr/lib/jvm/java-6-openjdk/jre/../lib/i386:/usr/java/packages/lib/i386:/usr/lib/jni:/lib:/usr/lib"/>
    <property name="surefire.test.class.path" value="/home/luigi/dev/prj/com.novoda/HttpService/core/target/test-classes:/home/luigi/dev/prj/com.novoda/HttpService/core/target/classes:/home/luigi/.m2/repository/com/google/android/android/2.2.1/android-2.2.1.jar:/home/luigi/.m2/repository/commons-logging/commons-logging/1.1.1/commons-logging-1.1.1.jar:/home/luigi/.m2/repository/org/apache/httpcomponents/httpclient/4.0.1/httpclient-4.0.1.jar:/home/luigi/.m2/repository/org/khronos/opengl-api/gl1.1-android-2.1_r1/opengl-api-gl1.1-android-2.1_r1.jar:/home/luigi/.m2/repository/xerces/xmlParserAPIs/2.6.2/xmlParserAPIs-2.6.2.jar:/home/luigi/.m2/repository/xpp3/xpp3/1.1.4c/xpp3-1.1.4c.jar:/home/luigi/.m2/repository/org/json/json/20080701/json-20080701.jar:/home/luigi/.m2/repository/junit/junit/4.8.2/junit-4.8.2.jar:/home/luigi/.m2/repository/org/mockito/mockito-all/1.9.0-rc1/mockito-all-1.9.0-rc1.jar:/home/luigi/.m2/repository/com/pivotallabs/robolectric/1.0-RC1/robolectric-1.0-RC1.jar:/home/luigi/.m2/repository/org/objenesis/objenesis/1.0/objenesis-1.0.jar:/home/luigi/.m2/repository/com/h2database/h2/1.2.147/h2-1.2.147.jar:/home/luigi/.m2/repository/org/javassist/javassist/3.14.0-GA/javassist-3.14.0-GA.jar:/home/luigi/.m2/repository/commons-codec/commons-codec/1.3/commons-codec-1.3.jar:/home/luigi/.m2/repository/org/apache/james/apache-mime4j/0.6.1/apache-mime4j-0.6.1.jar:/home/luigi/.m2/repository/org/apache/httpcomponents/httpmime/4.0.3/httpmime-4.0.3.jar:/home/luigi/.m2/repository/org/apache/httpcomponents/httpcore/4.0.1/httpcore-4.0.1.jar:/home/luigi/.m2/repository/oauth/signpost/signpost-core/1.2.1/signpost-core-1.2.1.jar:/home/luigi/.m2/repository/oauth/signpost/signpost-commonshttp4/1.2.1/signpost-commonshttp4-1.2.1.jar:"/>
    <property name="java.specification.name" value="Java Platform API Specification"/>
    <property name="java.class.version" value="50.0"/>
    <property name="sun.management.compiler" value="HotSpot Tiered Compilers"/>
    <property name="os.version" value="2.6.35-30-generic"/>
    <property name="user.home" value="/home/luigi"/>
    <property name="user.timezone" value=""/>
    <property name="java.awt.printerjob" value="sun.print.PSPrinterJob"/>
    <property name="file.encoding" value="UTF-8"/>
    <property name="java.specification.version" value="1.6"/>
    <property name="user.name" value="luigi"/>
    <property name="java.class.path" value="/home/luigi/dev/prj/com.novoda/HttpService/core/target/test-classes:/home/luigi/dev/prj/com.novoda/HttpService/core/target/classes:/home/luigi/.m2/repository/com/google/android/android/2.2.1/android-2.2.1.jar:/home/luigi/.m2/repository/commons-logging/commons-logging/1.1.1/commons-logging-1.1.1.jar:/home/luigi/.m2/repository/org/apache/httpcomponents/httpclient/4.0.1/httpclient-4.0.1.jar:/home/luigi/.m2/repository/org/khronos/opengl-api/gl1.1-android-2.1_r1/opengl-api-gl1.1-android-2.1_r1.jar:/home/luigi/.m2/repository/xerces/xmlParserAPIs/2.6.2/xmlParserAPIs-2.6.2.jar:/home/luigi/.m2/repository/xpp3/xpp3/1.1.4c/xpp3-1.1.4c.jar:/home/luigi/.m2/repository/org/json/json/20080701/json-20080701.jar:/home/luigi/.m2/repository/junit/junit/4.8.2/junit-4.8.2.jar:/home/luigi/.m2/repository/org/mockito/mockito-all/1.9.0-rc1/mockito-all-1.9.0-rc1.jar:/home/luigi/.m2/repository/com/pivotallabs/robolectric/1.0-RC1/robolectric-1.0-RC1.jar:/home/luigi/.m2/repository/org/objenesis/objenesis/1.0/objenesis-1.0.jar:/home/luigi/.m2/repository/com/h2database/h2/1.2.147/h2-1.2.147.jar:/home/luigi/.m2/repository/org/javassist/javassist/3.14.0-GA/javassist-3.14.0-GA.jar:/home/luigi/.m2/repository/commons-codec/commons-codec/1.3/commons-codec-1.3.jar:/home/luigi/.m2/repository/org/apache/james/apache-mime4j/0.6.1/apache-mime4j-0.6.1.jar:/home/luigi/.m2/repository/org/apache/httpcomponents/httpmime/4.0.3/httpmime-4.0.3.jar:/home/luigi/.m2/repository/org/apache/httpcomponents/httpcore/4.0.1/httpcore-4.0.1.jar:/home/luigi/.m2/repository/oauth/signpost/signpost-core/1.2.1/signpost-core-1.2.1.jar:/home/luigi/.m2/repository/oauth/signpost/signpost-commonshttp4/1.2.1/signpost-commonshttp4-1.2.1.jar:"/>
    <property name="java.vm.specification.version" value="1.0"/>
    <property name="sun.arch.data.model" value="32"/>
    <property name="java.home" value="/usr/lib/jvm/java-6-openjdk/jre"/>
    <property name="java.specification.vendor" value="Sun Microsystems Inc."/>
    <property name="user.language" value="en"/>
    <property name="java.vm.info" value="mixed mode"/>
    <property name="java.version" value="1.6.0_20"/>
    <property name="java.ext.dirs" value="/usr/lib/jvm/java-6-openjdk/jre/lib/ext:/usr/java/packages/lib/ext"/>
    <property name="sun.boot.class.path" value="/usr/lib/jvm/java-6-openjdk/jre/lib/resources.jar:/usr/lib/jvm/java-6-openjdk/jre/lib/rt.jar:/usr/lib/jvm/java-6-openjdk/jre/lib/sunrsasign.jar:/usr/lib/jvm/java-6-openjdk/jre/lib/jsse.jar:/usr/lib/jvm/java-6-openjdk/jre/lib/jce.jar:/usr/lib/jvm/java-6-openjdk/jre/lib/charsets.jar:/usr/lib/jvm/java-6-openjdk/jre/lib/netx.jar:/usr/lib/jvm/java-6-openjdk/jre/lib/plugin.jar:/usr/lib/jvm/java-6-openjdk/jre/lib/rhino.jar:/usr/lib/jvm/java-6-openjdk/jre/lib/modules/jdk.boot.jar:/usr/lib/jvm/java-6-openjdk/jre/classes"/>
    <property name="java.vendor" value="Sun Microsystems Inc."/>
    <property name="localRepository" value="/home/luigi/.m2/repository"/>
    <property name="file.separator" value="/"/>
    <property name="java.vendor.url.bug" value="http://java.sun.com/cgi-bin/bugreport.cgi"/>
    <property name="sun.cpu.endian" value="little"/>
    <property name="sun.io.unicode.encoding" value="UnicodeLittle"/>
    <property name="sun.cpu.isalist" value=""/>
  </properties>
  <testcase time="0.035" classname="com.novoda.httpservice.provider.IntentRegistryTest" name="com.novoda.httpservice.provider.IntentRegistryTest">
    <skipped/>
  </testcase>
</testsuite>